<?xml version="1.0" encoding="UTF-8"?>
<!-- Generated by org.testng.reporters.JUnitReportReporter -->
<testsuite hostname="DESKTOP-OTGC3G8" name="testRunner.SC_ClickingButtonOnHomepage" tests="2" failures="0" timestamp="8 May 2018 17:55:42 GMT" time="23.653" errors="0">
  <testcase name="tc_clickingLendingButton" time="9.873" classname="testRunner.SC_ClickingButtonOnHomepage"/>
  <testcase name="tc_clickingBankingButton" time="13.780" classname="testRunner.SC_ClickingButtonOnHomepage"/>
</testsuite> <!-- testRunner.SC_ClickingButtonOnHomepage -->
